\BOOKMARK [0][-]{chapter.1}{\376\377\000I\000n\000t\000r\000o\000d\000u\000c\000t\000i\000o\000n}{}% 1
\BOOKMARK [1][-]{section.1.1}{\376\377\000T\000h\000e\000s\000i\000s\000\040\000O\000b\000j\000e\000c\000t\000i\000v\000e\000s}{chapter.1}% 2
\BOOKMARK [1][-]{section.1.2}{\376\377\000O\000u\000t\000l\000i\000n\000e}{chapter.1}% 3
\BOOKMARK [0][-]{chapter.2}{\376\377\000T\000h\000e\000o\000r\000e\000t\000i\000c\000a\000l\000\040\000F\000o\000u\000n\000d\000a\000t\000i\000o\000n\000s}{}% 4
\BOOKMARK [1][-]{section.2.1}{\376\377\000L\000i\000n\000e\000a\000r\000\040\000A\000l\000g\000e\000b\000r\000a\000\040\000i\000n\000\040\000D\000e\000e\000p\000\040\000L\000e\000a\000r\000n\000i\000n\000g}{chapter.2}% 5
\BOOKMARK [2][-]{subsection.2.1.1}{\376\377\000V\000e\000c\000t\000o\000r\000s\000,\000\040\000M\000a\000t\000r\000i\000c\000e\000s\000,\000\040\000a\000n\000d\000\040\000T\000e\000n\000s\000o\000r\000s}{section.2.1}% 6
\BOOKMARK [2][-]{subsection.2.1.2}{\376\377\000M\000a\000t\000r\000i\000x\000\040\000O\000p\000e\000r\000a\000t\000i\000o\000n\000s}{section.2.1}% 7
\BOOKMARK [3][-]{equation.2.1.2}{\376\377\000F\000l\000o\000a\000t\000i\000n\000g\000-\000P\000o\000i\000n\000t\000\040\000O\000p\000e\000r\000a\000t\000i\000o\000n\000s}{subsection.2.1.2}% 8
\BOOKMARK [2][-]{subsection.2.1.3}{\376\377\000S\000i\000n\000g\000u\000l\000a\000r\000\040\000V\000a\000l\000u\000e\000\040\000D\000e\000c\000o\000m\000p\000o\000s\000i\000t\000i\000o\000n}{section.2.1}% 9
\BOOKMARK [2][-]{subsection.2.1.4}{\376\377\000L\000o\000w\000-\000R\000a\000n\000k\000\040\000A\000p\000p\000r\000o\000x\000i\000m\000a\000t\000i\000o\000n}{section.2.1}% 10
\BOOKMARK [3][-]{section*.5}{\376\377\000C\000o\000n\000c\000e\000p\000t\000\040\000o\000f\000\040\000L\000o\000w\000-\000R\000a\000n\000k\000\040\000A\000p\000p\000r\000o\000x\000i\000m\000a\000t\000i\000o\000n}{subsection.2.1.4}% 11
\BOOKMARK [3][-]{section*.5}{\376\377\000R\000e\000d\000u\000c\000t\000i\000o\000n\000\040\000i\000n\000\040\000S\000t\000o\000r\000a\000g\000e}{subsection.2.1.4}% 12
\BOOKMARK [3][-]{section*.5}{\376\377\000R\000e\000d\000u\000c\000t\000i\000o\000n\000\040\000i\000n\000\040\000C\000o\000m\000p\000u\000t\000a\000t\000i\000o\000n\000\040\000f\000o\000r\000\040\000M\000a\000t\000r\000i\000x\000-\000V\000e\000c\000t\000o\000r\000\040\000M\000u\000l\000t\000i\000p\000l\000i\000c\000a\000t\000i\000o\000n\000s}{subsection.2.1.4}% 13
\BOOKMARK [3][-]{section*.5}{\376\377\000R\000e\000d\000u\000c\000t\000i\000o\000n\000\040\000i\000n\000\040\000C\000o\000m\000p\000u\000t\000a\000t\000i\000o\000n\000\040\000f\000o\000r\000\040\000M\000a\000t\000r\000i\000x\000-\000M\000a\000t\000r\000i\000x\000\040\000M\000u\000l\000t\000i\000p\000l\000i\000c\000a\000t\000i\000o\000n\000s}{subsection.2.1.4}% 14
\BOOKMARK [2][-]{subsection.2.1.5}{\376\377\000N\000e\000u\000r\000a\000l\000\040\000N\000e\000t\000w\000o\000r\000k\000s\000\040\000i\000n\000\040\000D\000e\000e\000p\000\040\000L\000e\000a\000r\000n\000i\000n\000g}{section.2.1}% 15
\BOOKMARK [3][-]{section*.6}{\376\377\000A\000r\000c\000h\000i\000t\000e\000c\000t\000u\000r\000e\000\040\000o\000f\000\040\000N\000e\000u\000r\000a\000l\000\040\000N\000e\000t\000w\000o\000r\000k\000s}{subsection.2.1.5}% 16
\BOOKMARK [3][-]{equation.2.1.4}{\376\377\000L\000e\000a\000r\000n\000i\000n\000g\000\040\000P\000r\000o\000c\000e\000s\000s}{subsection.2.1.5}% 17
\BOOKMARK [3][-]{equation.2.1.5}{\376\377\000O\000p\000t\000i\000m\000i\000z\000a\000t\000i\000o\000n\000\040\000a\000n\000d\000\040\000R\000e\000g\000u\000l\000a\000r\000i\000z\000a\000t\000i\000o\000n}{subsection.2.1.5}% 18
\BOOKMARK [2][-]{subsection.2.1.6}{\376\377\000C\000o\000s\000i\000n\000e\000\040\000S\000i\000m\000i\000l\000a\000r\000i\000t\000y}{section.2.1}% 19
\BOOKMARK [1][-]{section.2.2}{\376\377\000U\000n\000d\000e\000r\000s\000t\000a\000n\000d\000i\000n\000g\000\040\000L\000L\000M\000s}{chapter.2}% 20
\BOOKMARK [2][-]{subsection.2.2.1}{\376\377\000T\000h\000e\000\040\000C\000o\000n\000c\000e\000p\000t\000\040\000o\000f\000\040\000L\000L\000M\000s\000?}{section.2.2}% 21
\BOOKMARK [2][-]{subsection.2.2.2}{\376\377\000A\000r\000c\000h\000i\000t\000e\000c\000t\000u\000r\000e\000\040\000o\000f\000\040\000L\000L\000M\000s}{section.2.2}% 22
\BOOKMARK [3][-]{figure.caption.7}{\376\377\000E\000n\000c\000o\000d\000e\000r}{subsection.2.2.2}% 23
\BOOKMARK [3][-]{figure.caption.7}{\376\377\000D\000e\000c\000o\000d\000e\000r}{subsection.2.2.2}% 24
\BOOKMARK [3][-]{figure.caption.7}{\376\377\000A\000t\000t\000e\000n\000t\000i\000o\000n}{subsection.2.2.2}% 25
\BOOKMARK [3][-]{figure.caption.8}{\376\377\000M\000u\000l\000t\000i\000-\000h\000e\000a\000d\000\040\000A\000t\000t\000e\000n\000t\000i\000o\000n}{subsection.2.2.2}% 26
\BOOKMARK [3][-]{figure.caption.9}{\376\377\000W\000h\000y\000\040\000T\000r\000a\000n\000s\000f\000o\000r\000m\000e\000r\000s\000?}{subsection.2.2.2}% 27
\BOOKMARK [2][-]{subsection.2.2.3}{\376\377\000T\000r\000a\000i\000n\000i\000n\000g\000\040\000a\000n\000d\000\040\000F\000i\000n\000e\000-\000T\000u\000n\000i\000n\000g}{section.2.2}% 28
\BOOKMARK [0][-]{chapter.3}{\376\377\000L\000i\000t\000e\000r\000a\000t\000u\000r\000e\000\040\000R\000e\000v\000i\000e\000w}{}% 29
\BOOKMARK [1][-]{section.3.1}{\376\377\000O\000v\000e\000r\000v\000i\000e\000w\000\040\000o\000f\000\040\000L\000L\000M\000s}{chapter.3}% 30
\BOOKMARK [1][-]{section.3.2}{\376\377\000P\000r\000e\000v\000i\000o\000u\000s\000\040\000S\000t\000u\000d\000i\000e\000s\000\040\000o\000n\000\040\000L\000L\000M\000\040\000C\000o\000m\000p\000r\000e\000s\000s\000i\000o\000n\000\040\000w\000i\000t\000h\000\040\000L\000o\000w\000-\000R\000a\000n\000k\000\040\000A\000p\000p\000r\000o\000x\000i\000m\000a\000t\000i\000o\000n}{chapter.3}% 31
\BOOKMARK [1][-]{section.3.3}{\376\377\000R\000e\000t\000r\000i\000e\000v\000a\000l\000-\000A\000u\000g\000m\000e\000n\000t\000e\000d\000\040\000G\000e\000n\000e\000r\000a\000t\000i\000o\000n}{chapter.3}% 32
\BOOKMARK [1][-]{section.3.4}{\376\377\000T\000h\000e\000\040\000B\000A\000R\000T\000\040\000M\000o\000d\000e\000l}{chapter.3}% 33
\BOOKMARK [2][-]{subsection.3.4.1}{\376\377\000A\000r\000c\000h\000i\000t\000e\000c\000t\000u\000r\000e\000\040\000a\000n\000d\000\040\000T\000r\000a\000i\000n\000i\000n\000g}{section.3.4}% 34
\BOOKMARK [2][-]{subsection.3.4.2}{\376\377\000E\000f\000f\000i\000c\000a\000c\000y\000\040\000a\000n\000d\000\040\000A\000p\000p\000l\000i\000c\000a\000t\000i\000o\000n\000s}{section.3.4}% 35
\BOOKMARK [1][-]{section.3.5}{\376\377\000E\000v\000a\000l\000u\000a\000t\000i\000n\000g\000\040\000S\000u\000m\000m\000a\000r\000i\000z\000a\000t\000i\000o\000n\000\040\000w\000i\000t\000h\000\040\000R\000O\000U\000G\000E}{chapter.3}% 36
\BOOKMARK [0][-]{chapter.4}{\376\377\000M\000e\000t\000h\000o\000d\000o\000l\000o\000g\000y}{}% 37
\BOOKMARK [1][-]{section.4.1}{\376\377\000R\000A\000G\000\040\000C\000h\000a\000t\000b\000o\000t\000:\000\040\000S\000t\000u\000d\000y\000\040\000B\000u\000d\000d\000y}{chapter.4}% 38
\BOOKMARK [2][-]{subsection.4.1.1}{\376\377\000D\000e\000v\000e\000l\000o\000p\000m\000e\000n\000t\000\040\000a\000n\000d\000\040\000E\000n\000v\000i\000r\000o\000n\000m\000e\000n\000t\000\040\000T\000o\000o\000l\000s}{section.4.1}% 39
\BOOKMARK [2][-]{subsection.4.1.2}{\376\377\000I\000m\000p\000l\000e\000m\000e\000n\000t\000a\000t\000i\000o\000n\000\040\000S\000t\000e\000p\000s}{section.4.1}% 40
\BOOKMARK [1][-]{section.4.2}{\376\377\000C\000a\000s\000e\000\040\000S\000t\000u\000d\000y\000:\000\040\000L\000o\000w\000-\000R\000a\000n\000k\000\040\000A\000p\000p\000r\000o\000x\000i\000m\000a\000t\000i\000o\000n\000\040\000o\000f\000\040\000B\000A\000R\000T\000\040\000m\000o\000d\000e\000l}{chapter.4}% 41
\BOOKMARK [2][-]{subsection.4.2.1}{\376\377\000I\000m\000p\000l\000e\000m\000e\000n\000t\000a\000t\000i\000o\000n\000\040\000S\000t\000e\000p\000s}{section.4.2}% 42
\BOOKMARK [2][-]{subsection.4.2.2}{\376\377\000E\000v\000a\000l\000u\000a\000t\000i\000o\000n\000\040\000M\000e\000t\000r\000i\000c\000s}{section.4.2}% 43
\BOOKMARK [2][-]{subsection.4.2.3}{\376\377\000A\000p\000p\000r\000o\000p\000r\000i\000a\000t\000e\000\040\000R\000a\000n\000k\000\040\000S\000e\000l\000e\000c\000t\000i\000o\000n}{section.4.2}% 44
\BOOKMARK [0][-]{chapter.5}{\376\377\000I\000m\000p\000l\000e\000m\000e\000n\000t\000a\000t\000i\000o\000n}{}% 45
\BOOKMARK [1][-]{section.5.1}{\376\377\000R\000A\000G\000\040\000C\000h\000a\000t\000b\000o\000t}{chapter.5}% 46
\BOOKMARK [2][-]{subsection.5.1.1}{\376\377\000C\000h\000a\000t\000b\000o\000t\000\040\000I\000n\000t\000e\000r\000f\000a\000c\000e}{section.5.1}% 47
\BOOKMARK [2][-]{subsection.5.1.2}{\376\377\000G\000e\000n\000e\000r\000a\000t\000o\000r\000\040\000C\000o\000m\000p\000o\000n\000e\000n\000t}{section.5.1}% 48
\BOOKMARK [2][-]{subsection.5.1.3}{\376\377\000R\000e\000t\000r\000i\000e\000v\000e\000r\000\040\000C\000o\000m\000p\000o\000n\000e\000n\000t}{section.5.1}% 49
\BOOKMARK [2][-]{subsection.5.1.4}{\376\377\000I\000n\000t\000e\000g\000r\000a\000t\000i\000o\000n\000\040\000o\000f\000\040\000G\000e\000n\000e\000r\000a\000t\000o\000r\000\040\000a\000n\000d\000\040\000R\000e\000t\000r\000i\000e\000v\000e\000r}{section.5.1}% 50
\BOOKMARK [2][-]{subsection.5.1.5}{\376\377\000P\000D\000F\000\040\000U\000p\000l\000o\000a\000d\000e\000r}{section.5.1}% 51
\BOOKMARK [2][-]{subsection.5.1.6}{\376\377\000D\000e\000p\000l\000o\000y\000m\000e\000n\000t}{section.5.1}% 52
\BOOKMARK [2][-]{subsection.5.1.7}{\376\377\000C\000o\000n\000n\000e\000c\000t\000i\000o\000n\000s}{section.5.1}% 53
\BOOKMARK [1][-]{section.5.2}{\376\377\000C\000a\000s\000e\000\040\000S\000t\000u\000d\000y\000:\000\040\000L\000o\000w\000-\000R\000a\000n\000k\000\040\000A\000p\000p\000r\000o\000x\000i\000m\000a\000t\000i\000o\000n\000\040\000o\000f\000\040\000B\000A\000R\000T\000\040\000m\000o\000d\000e\000l}{chapter.5}% 54
\BOOKMARK [2][-]{subsection.5.2.1}{\376\377\000I\000m\000p\000o\000r\000t\000i\000n\000g\000\040\000t\000h\000e\000\040\000M\000o\000d\000e\000l}{section.5.2}% 55
\BOOKMARK [2][-]{subsection.5.2.2}{\376\377\000D\000a\000t\000a\000s\000e\000t\000\040\000P\000r\000e\000p\000r\000o\000c\000e\000s\000s\000i\000n\000g}{section.5.2}% 56
\BOOKMARK [3][-]{section*.17}{\376\377\000I\000m\000p\000o\000r\000t\000i\000n\000g\000\040\000t\000h\000e\000\040\000D\000a\000t\000a\000s\000e\000t}{subsection.5.2.2}% 57
\BOOKMARK [3][-]{listing.7}{\376\377\000S\000e\000t\000t\000i\000n\000g\000\040\000M\000a\000x\000i\000m\000u\000m\000\040\000L\000e\000n\000g\000t\000h\000s}{subsection.5.2.2}% 58
\BOOKMARK [3][-]{listing.8}{\376\377\000P\000r\000e\000p\000r\000o\000c\000e\000s\000s\000i\000n\000g\000\040\000F\000u\000n\000c\000t\000i\000o\000n}{subsection.5.2.2}% 59
\BOOKMARK [3][-]{listing.9}{\376\377\000A\000p\000p\000l\000y\000i\000n\000g\000\040\000t\000h\000e\000\040\000P\000r\000e\000p\000r\000o\000c\000e\000s\000s\000i\000n\000g\000\040\000F\000u\000n\000c\000t\000i\000o\000n}{subsection.5.2.2}% 60
\BOOKMARK [2][-]{subsection.5.2.3}{\376\377\000F\000i\000n\000e\000-\000T\000u\000n\000i\000n\000g\000\040\000t\000h\000e\000\040\000M\000o\000d\000e\000l}{section.5.2}% 61
\BOOKMARK [2][-]{subsection.5.2.4}{\376\377\000C\000u\000s\000t\000o\000m\000\040\000L\000a\000y\000e\000r\000\040\000I\000m\000p\000l\000e\000m\000e\000n\000t\000a\000t\000i\000o\000n}{section.5.2}% 62
\BOOKMARK [2][-]{subsection.5.2.5}{\376\377\000T\000r\000a\000v\000e\000r\000s\000i\000n\000g\000\040\000t\000h\000e\000\040\000M\000o\000d\000e\000l\000\040\000a\000n\000d\000\040\000A\000p\000p\000l\000y\000i\000n\000g\000\040\000L\000o\000w\000-\000R\000a\000n\000k\000\040\000A\000p\000p\000r\000o\000x\000i\000m\000a\000t\000i\000o\000n}{section.5.2}% 63
\BOOKMARK [2][-]{subsection.5.2.6}{\376\377\000E\000v\000a\000l\000u\000a\000t\000i\000o\000n}{section.5.2}% 64
\BOOKMARK [0][-]{chapter.6}{\376\377\000R\000e\000s\000u\000l\000t\000s}{}% 65
\BOOKMARK [1][-]{section.6.1}{\376\377\000R\000A\000G\000\040\000C\000h\000a\000t\000b\000o\000t}{chapter.6}% 66
\BOOKMARK [2][-]{subsection.6.1.1}{\376\377\000F\000u\000n\000c\000t\000i\000o\000n\000a\000l\000i\000t\000y\000\040\000T\000e\000s\000t\000i\000n\000g}{section.6.1}% 67
\BOOKMARK [2][-]{subsection.6.1.2}{\376\377\000C\000a\000s\000e\000\040\000S\000t\000u\000d\000y\000:\000\040\000I\000m\000p\000a\000c\000t\000\040\000o\000f\000\040\000D\000o\000c\000u\000m\000e\000n\000t\000\040\000I\000n\000s\000e\000r\000t\000i\000o\000n\000\040\000o\000n\000\040\000R\000e\000s\000p\000o\000n\000s\000e\000\040\000Q\000u\000a\000l\000i\000t\000y}{section.6.1}% 68
\BOOKMARK [2][-]{subsection.6.1.3}{\376\377\000C\000a\000s\000e\000\040\000S\000t\000u\000d\000y\000:\000\040\000I\000m\000p\000a\000c\000t\000\040\000o\000f\000\040\000D\000o\000c\000u\000m\000e\000n\000t\000\040\000I\000n\000s\000e\000r\000t\000i\000o\000n\000\040\000o\000n\000\040\000U\000n\000r\000e\000l\000a\000t\000e\000d\000\040\000Q\000u\000e\000r\000y\000\040\000R\000e\000s\000p\000o\000n\000s\000e}{section.6.1}% 69
\BOOKMARK [1][-]{section.6.2}{\376\377\000C\000a\000s\000e\000\040\000S\000t\000u\000d\000y\000:\000\040\000L\000o\000w\000\040\000R\000a\000n\000k\000\040\000A\000p\000p\000r\000o\000x\000i\000m\000a\000t\000i\000o\000n\000\040\000o\000f\000\040\000B\000A\000R\000T\000\040\000M\000o\000d\000e\000l}{chapter.6}% 70
\BOOKMARK [2][-]{subsection.6.2.1}{\376\377\000F\000i\000n\000e\000-\000t\000u\000n\000i\000n\000g\000\040\000t\000h\000e\000\040\000B\000A\000R\000T\000\040\000M\000o\000d\000e\000l}{section.6.2}% 71
\BOOKMARK [2][-]{subsection.6.2.2}{\376\377\000R\000O\000U\000G\000E\000\040\000s\000c\000o\000r\000e\000s}{section.6.2}% 72
\BOOKMARK [2][-]{subsection.6.2.3}{\376\377\000C\000o\000m\000p\000u\000t\000a\000t\000i\000o\000n\000a\000l\000\040\000E\000f\000f\000i\000c\000i\000e\000n\000c\000y}{section.6.2}% 73
\BOOKMARK [2][-]{subsection.6.2.4}{\376\377\000C\000o\000m\000p\000a\000r\000i\000n\000g\000\040\000S\000u\000m\000m\000a\000r\000i\000e\000s}{section.6.2}% 74
\BOOKMARK [0][-]{chapter.7}{\376\377\000D\000i\000s\000c\000u\000s\000s\000i\000o\000n}{}% 75
\BOOKMARK [1][-]{section.7.1}{\376\377\000I\000n\000t\000e\000r\000p\000r\000e\000t\000a\000t\000i\000o\000n\000\040\000o\000f\000\040\000R\000e\000s\000u\000l\000t\000s}{chapter.7}% 76
\BOOKMARK [2][-]{subsection.7.1.1}{\376\377\000R\000A\000G\000\040\000C\000h\000a\000t\000b\000o\000t}{section.7.1}% 77
\BOOKMARK [3][-]{section*.29}{\376\377\000S\000p\000e\000c\000i\000f\000i\000c\000\040\000T\000o\000p\000i\000c\000\040\000Q\000u\000e\000r\000i\000e\000s}{subsection.7.1.1}% 78
\BOOKMARK [3][-]{section*.29}{\376\377\000U\000n\000f\000a\000m\000i\000l\000i\000a\000r\000\040\000T\000o\000p\000i\000c\000s}{subsection.7.1.1}% 79
\BOOKMARK [3][-]{section*.29}{\376\377\000I\000m\000p\000a\000c\000t\000\040\000o\000n\000\040\000U\000n\000r\000e\000l\000a\000t\000e\000d\000\040\000Q\000u\000e\000r\000i\000e\000s}{subsection.7.1.1}% 80
\BOOKMARK [2][-]{subsection.7.1.2}{\376\377\000C\000a\000s\000e\000\040\000S\000t\000u\000d\000y\000:\000\040\000L\000o\000w\000-\000R\000a\000n\000k\000\040\000A\000p\000p\000r\000o\000x\000i\000m\000a\000t\000i\000o\000n\000\040\000o\000f\000\040\000B\000A\000R\000T\000\040\000M\000o\000d\000e\000l}{section.7.1}% 81
\BOOKMARK [3][-]{section*.30}{\376\377\000F\000i\000n\000e\000-\000T\000u\000n\000i\000n\000g\000\040\000a\000n\000d\000\040\000E\000v\000a\000l\000u\000a\000t\000i\000o\000n}{subsection.7.1.2}% 82
\BOOKMARK [3][-]{section*.30}{\376\377\000P\000e\000r\000f\000o\000r\000m\000a\000n\000c\000e\000\040\000R\000e\000t\000e\000n\000t\000i\000o\000n}{subsection.7.1.2}% 83
\BOOKMARK [3][-]{section*.30}{\376\377\000C\000o\000m\000p\000u\000t\000a\000t\000i\000o\000n\000a\000l\000\040\000E\000f\000f\000i\000c\000i\000e\000n\000c\000y}{subsection.7.1.2}% 84
\BOOKMARK [1][-]{section.7.2}{\376\377\000L\000i\000m\000i\000t\000a\000t\000i\000o\000n\000s\000\040\000a\000n\000d\000\040\000F\000u\000t\000u\000r\000e\000\040\000W\000o\000r\000k}{chapter.7}% 85
\BOOKMARK [2][-]{subsection.7.2.1}{\376\377\000R\000A\000G\000\040\000C\000h\000a\000t\000b\000o\000t}{section.7.2}% 86
\BOOKMARK [3][-]{section*.31}{\376\377\000E\000n\000s\000u\000r\000i\000n\000g\000\040\000D\000a\000t\000a\000\040\000Q\000u\000a\000l\000i\000t\000y\000\040\000i\000n\000\040\000R\000A\000G\000\040\000I\000m\000p\000l\000e\000m\000e\000n\000t\000a\000t\000i\000o\000n\000s}{subsection.7.2.1}% 87
\BOOKMARK [3][-]{section*.31}{\376\377\000M\000a\000i\000n\000t\000a\000i\000n\000i\000n\000g\000\040\000C\000o\000n\000v\000e\000r\000s\000a\000t\000i\000o\000n\000\040\000C\000o\000n\000t\000e\000x\000t}{subsection.7.2.1}% 88
\BOOKMARK [3][-]{section*.31}{\376\377\000U\000n\000r\000e\000l\000a\000t\000e\000d\000\040\000Q\000u\000e\000r\000i\000e\000s}{subsection.7.2.1}% 89
\BOOKMARK [3][-]{section*.31}{\376\377\000D\000e\000p\000l\000o\000y\000m\000e\000n\000t\000\040\000S\000c\000a\000l\000a\000b\000i\000l\000i\000t\000y}{subsection.7.2.1}% 90
\BOOKMARK [2][-]{subsection.7.2.2}{\376\377\000C\000a\000s\000e\000\040\000S\000t\000u\000d\000y\000:\000\040\000L\000o\000w\000-\000R\000a\000n\000k\000\040\000A\000p\000p\000r\000o\000x\000i\000m\000a\000t\000i\000o\000n}{section.7.2}% 91
\BOOKMARK [3][-]{section*.32}{\376\377\000S\000u\000m\000m\000a\000r\000i\000z\000a\000t\000i\000o\000n\000\040\000Q\000u\000a\000l\000i\000t\000y}{subsection.7.2.2}% 92
\BOOKMARK [3][-]{section*.32}{\376\377\000C\000o\000m\000p\000a\000r\000a\000t\000i\000v\000e\000\040\000S\000t\000u\000d\000i\000e\000s}{subsection.7.2.2}% 93
\BOOKMARK [3][-]{section*.32}{\376\377\000D\000a\000t\000a\000s\000e\000t\000\040\000a\000n\000d\000\040\000T\000a\000s\000k\000\040\000S\000p\000e\000c\000i\000f\000i\000c\000i\000t\000y}{subsection.7.2.2}% 94
\BOOKMARK [3][-]{section*.32}{\376\377\000C\000o\000m\000p\000u\000t\000a\000t\000i\000o\000n\000a\000l\000\040\000R\000e\000s\000o\000u\000r\000c\000e\000s}{subsection.7.2.2}% 95
\BOOKMARK [1][-]{section.7.3}{\376\377\000C\000o\000n\000c\000l\000u\000s\000i\000o\000n}{chapter.7}% 96
\BOOKMARK [0][-]{chapter.8}{\376\377\000C\000o\000n\000c\000l\000u\000s\000i\000o\000n}{}% 97
\BOOKMARK [1][-]{section.8.1}{\376\377\000S\000u\000m\000m\000a\000r\000y\000\040\000o\000f\000\040\000K\000e\000y\000\040\000F\000i\000n\000d\000i\000n\000g\000s}{chapter.8}% 98
\BOOKMARK [2][-]{subsection.8.1.1}{\376\377\000T\000h\000e\000o\000r\000e\000t\000i\000c\000a\000l\000\040\000E\000x\000p\000l\000o\000r\000a\000t\000i\000o\000n}{section.8.1}% 99
\BOOKMARK [2][-]{subsection.8.1.2}{\376\377\000R\000A\000G\000\040\000C\000h\000a\000t\000b\000o\000t\000\040\000D\000e\000v\000e\000l\000o\000p\000m\000e\000n\000t}{section.8.1}% 100
\BOOKMARK [2][-]{subsection.8.1.3}{\376\377\000L\000o\000w\000-\000R\000a\000n\000k\000\040\000A\000p\000p\000r\000o\000x\000i\000m\000a\000t\000i\000o\000n\000\040\000o\000f\000\040\000B\000A\000R\000T\000\040\000M\000o\000d\000e\000l}{section.8.1}% 101
\BOOKMARK [1][-]{section.8.2}{\376\377\000C\000o\000n\000t\000r\000i\000b\000u\000t\000i\000o\000n\000s\000\040\000t\000o\000\040\000t\000h\000e\000\040\000F\000i\000e\000l\000d}{chapter.8}% 102
\BOOKMARK [1][-]{section.8.3}{\376\377\000R\000e\000c\000o\000m\000m\000e\000n\000d\000a\000t\000i\000o\000n\000s\000\040\000f\000o\000r\000\040\000F\000u\000t\000u\000r\000e\000\040\000R\000e\000s\000e\000a\000r\000c\000h}{chapter.8}% 103
\BOOKMARK [0][-]{section*.34}{\376\377\000B\000i\000b\000l\000i\000o\000g\000r\000a\000p\000h\000y}{}% 104
\BOOKMARK [0][-]{appendix.A}{\376\377\000E\000d\000u\000c\000a\000t\000i\000o\000n\000a\000l\000\040\000S\000y\000n\000e\000r\000g\000y\000\040\000i\000n\000\040\000T\000e\000a\000c\000h\000i\000n\000g\000\040\000a\000n\000d\000\040\000R\000e\000s\000e\000a\000r\000c\000h}{}% 105
\BOOKMARK [0][-]{appendix.B}{\376\377\000I\000n\000t\000e\000r\000v\000i\000e\000w\000s\000\040\000w\000i\000t\000h\000\040\000C\000L\000A\000I\000\040\000M\000e\000m\000b\000e\000r\000s}{}% 106
\BOOKMARK [0][-]{appendix.C}{\376\377\000A\000r\000c\000h\000i\000t\000e\000c\000t\000u\000r\000e\000\040\000o\000f\000\040\000B\000A\000R\000T}{}% 107
